<?xml version="1.0" encoding="UTF-8"?>
<!-- Generated by org.testng.reporters.JUnitReportReporter -->
<testsuite hostname="LAPTOP-RUVLV32U" failures="0" tests="2" name="UnitTestingPackage.AnnotationTesting" time="0.078" errors="0" timestamp="2023-04-04T21:05:13 EDT" skipped="0">
  <testcase classname="UnitTestingPackage.AnnotationTesting" name="test2" time="0.013"/>
  <system-out/>
  <testcase classname="UnitTestingPackage.AnnotationTesting" name="test1" time="0.065"/>
  <system-out/>
</testsuite> <!-- UnitTestingPackage.AnnotationTesting -->
